::1 - - [13/Jan/2026 18:22:40] "GET / HTTP/1.1" 200 -
::1 - - [13/Jan/2026 18:22:40] "GET /css/styles.css HTTP/1.1" 200 -
::1 - - [13/Jan/2026 18:22:40] "GET /assets/images/TadabburLogo.png HTTP/1.1" 200 -
::1 - - [13/Jan/2026 18:22:40] "GET /js/app.js HTTP/1.1" 200 -
::1 - - [13/Jan/2026 18:22:41] "GET /js/state.js HTTP/1.1" 200 -
::1 - - [13/Jan/2026 18:22:41] "GET /js/router.js HTTP/1.1" 200 -
::1 - - [13/Jan/2026 18:22:41] "GET /js/components/header.js HTTP/1.1" 200 -
::1 - - [13/Jan/2026 18:22:41] "GET /js/components/audioPlayer.js HTTP/1.1" 200 -
::1 - - [13/Jan/2026 18:22:41] "GET /js/utils/audio.js HTTP/1.1" 200 -
::1 - - [13/Jan/2026 18:22:41] "GET /js/pages/home.js HTTP/1.1" 200 -
::1 - - [13/Jan/2026 18:22:41] "GET /js/pages/audioLessons.js HTTP/1.1" 200 -
::1 - - [13/Jan/2026 18:22:41] "GET /js/pages/readingView.js HTTP/1.1" 200 -
::1 - - [13/Jan/2026 18:22:41] "GET /js/pages/books.js HTTP/1.1" 200 -
::1 - - [13/Jan/2026 18:22:41] "GET /js/pages/tafsirReviews.js HTTP/1.1" 200 -
::1 - - [13/Jan/2026 18:22:41] "GET /js/pages/about.js HTTP/1.1" 200 -
::1 - - [13/Jan/2026 18:22:41] "GET /js/utils/dom.js HTTP/1.1" 200 -
::1 - - [13/Jan/2026 18:22:41] "GET /js/utils/formatters.js HTTP/1.1" 200 -
::1 - - [13/Jan/2026 18:22:41] "GET /js/components/bookCard.js HTTP/1.1" 200 -
::1 - - [13/Jan/2026 18:22:41] "GET /data/data.json HTTP/1.1" 200 -
::1 - - [13/Jan/2026 18:22:41] "GET /assets/images/telegram.png HTTP/1.1" 200 -
::1 - - [13/Jan/2026 18:26:02] "GET / HTTP/1.1" 304 -
::1 - - [13/Jan/2026 18:26:02] "GET /css/styles.css HTTP/1.1" 304 -
::1 - - [13/Jan/2026 18:26:03] "GET /js/components/audioPlayer.js HTTP/1.1" 200 -
::1 - - [13/Jan/2026 18:26:03] "GET /js/utils/dom.js HTTP/1.1" 304 -
::1 - - [13/Jan/2026 18:44:13] "GET / HTTP/1.1" 304 -
::1 - - [13/Jan/2026 18:44:13] "GET /css/styles.css HTTP/1.1" 304 -
::1 - - [13/Jan/2026 18:44:14] "GET /js/components/audioPlayer.js HTTP/1.1" 200 -
::1 - - [13/Jan/2026 18:44:14] "GET /js/utils/dom.js HTTP/1.1" 304 -
::1 - - [13/Jan/2026 18:50:03] "GET / HTTP/1.1" 304 -
::1 - - [13/Jan/2026 18:50:03] "GET /css/styles.css HTTP/1.1" 304 -
::1 - - [13/Jan/2026 18:50:03] "GET /js/components/audioPlayer.js HTTP/1.1" 200 -
::1 - - [13/Jan/2026 18:50:03] "GET /js/utils/dom.js HTTP/1.1" 304 -
::1 - - [13/Jan/2026 18:53:27] "GET / HTTP/1.1" 304 -
::1 - - [13/Jan/2026 18:53:27] "GET /css/styles.css HTTP/1.1" 304 -
::1 - - [13/Jan/2026 18:53:27] "GET /js/components/audioPlayer.js HTTP/1.1" 200 -
::1 - - [13/Jan/2026 18:58:49] "GET / HTTP/1.1" 304 -
::1 - - [13/Jan/2026 18:58:49] "GET /css/styles.css HTTP/1.1" 304 -
::1 - - [13/Jan/2026 18:58:49] "GET /js/components/audioPlayer.js HTTP/1.1" 200 -
::1 - - [13/Jan/2026 18:58:49] "GET /js/pages/home.js HTTP/1.1" 304 -
::1 - - [13/Jan/2026 18:58:49] "GET /js/utils/dom.js HTTP/1.1" 304 -
::1 - - [13/Jan/2026 18:58:49] "GET /data/data.json HTTP/1.1" 304 -
::1 - - [13/Jan/2026 19:15:50] "GET / HTTP/1.1" 304 -
::1 - - [13/Jan/2026 19:15:50] "GET /css/styles.css HTTP/1.1" 304 -
::1 - - [13/Jan/2026 19:15:50] "GET /js/components/audioPlayer.js HTTP/1.1" 200 -
::1 - - [13/Jan/2026 19:15:50] "GET /js/utils/dom.js HTTP/1.1" 304 -
::1 - - [13/Jan/2026 19:18:20] "GET / HTTP/1.1" 304 -
::1 - - [13/Jan/2026 19:18:20] "GET /js/components/audioPlayer.js HTTP/1.1" 200 -
::1 - - [13/Jan/2026 19:20:21] "GET / HTTP/1.1" 304 -
::1 - - [13/Jan/2026 19:20:21] "GET /js/components/audioPlayer.js HTTP/1.1" 200 -
::1 - - [13/Jan/2026 19:21:40] "GET / HTTP/1.1" 304 -
::1 - - [13/Jan/2026 19:21:40] "GET /css/styles.css HTTP/1.1" 304 -
::1 - - [13/Jan/2026 19:21:40] "GET /js/components/audioPlayer.js HTTP/1.1" 200 -
::1 - - [13/Jan/2026 19:23:21] "GET / HTTP/1.1" 304 -
::1 - - [13/Jan/2026 19:23:21] "GET /js/components/audioPlayer.js HTTP/1.1" 200 -
::1 - - [13/Jan/2026 19:23:21] "GET /js/utils/dom.js HTTP/1.1" 304 -
::1 - - [13/Jan/2026 19:27:15] "GET / HTTP/1.1" 304 -
::1 - - [13/Jan/2026 19:27:15] "GET /js/components/audioPlayer.js HTTP/1.1" 200 -
::1 - - [13/Jan/2026 19:28:14] "GET / HTTP/1.1" 304 -
::1 - - [13/Jan/2026 19:28:14] "GET /css/styles.css HTTP/1.1" 304 -
::1 - - [13/Jan/2026 19:28:14] "GET /js/components/audioPlayer.js HTTP/1.1" 200 -
::1 - - [13/Jan/2026 19:31:27] "GET / HTTP/1.1" 304 -
::1 - - [13/Jan/2026 19:31:27] "GET /js/components/audioPlayer.js HTTP/1.1" 200 -
::1 - - [13/Jan/2026 19:31:27] "GET /js/utils/dom.js HTTP/1.1" 304 -
::1 - - [13/Jan/2026 19:34:59] "GET / HTTP/1.1" 304 -
::1 - - [13/Jan/2026 19:34:59] "GET /js/components/audioPlayer.js HTTP/1.1" 200 -
::1 - - [13/Jan/2026 19:35:39] "GET / HTTP/1.1" 304 -
::1 - - [13/Jan/2026 19:35:39] "GET /css/styles.css HTTP/1.1" 304 -
::1 - - [13/Jan/2026 19:35:39] "GET /js/components/audioPlayer.js HTTP/1.1" 200 -
::1 - - [13/Jan/2026 19:35:40] "GET / HTTP/1.1" 304 -
::1 - - [13/Jan/2026 19:39:00] "GET / HTTP/1.1" 304 -
::1 - - [13/Jan/2026 19:39:01] "GET /js/components/audioPlayer.js HTTP/1.1" 200 -
::1 - - [13/Jan/2026 19:39:01] "GET /js/pages/home.js HTTP/1.1" 304 -
::1 - - [13/Jan/2026 19:39:01] "GET /data/data.json HTTP/1.1" 304 -
::1 - - [13/Jan/2026 19:42:57] "GET / HTTP/1.1" 304 -
::1 - - [13/Jan/2026 19:42:57] "GET /js/components/audioPlayer.js HTTP/1.1" 200 -
::1 - - [13/Jan/2026 19:42:57] "GET /js/utils/dom.js HTTP/1.1" 304 -
::1 - - [13/Jan/2026 19:57:04] "GET / HTTP/1.1" 304 -
::1 - - [13/Jan/2026 19:57:04] "GET /css/styles.css HTTP/1.1" 200 -
::1 - - [13/Jan/2026 19:57:05] "GET /js/components/header.js HTTP/1.1" 304 -
::1 - - [13/Jan/2026 19:57:05] "GET /js/components/audioPlayer.js HTTP/1.1" 200 -
::1 - - [13/Jan/2026 19:57:05] "GET /js/pages/audioLessons.js HTTP/1.1" 304 -
::1 - - [13/Jan/2026 19:57:05] "GET /js/pages/readingView.js HTTP/1.1" 304 -
::1 - - [13/Jan/2026 19:57:05] "GET /js/pages/books.js HTTP/1.1" 304 -
::1 - - [13/Jan/2026 19:57:05] "GET /js/pages/tafsirReviews.js HTTP/1.1" 304 -
::1 - - [13/Jan/2026 19:57:05] "GET /js/pages/about.js HTTP/1.1" 304 -
::1 - - [13/Jan/2026 19:57:05] "GET /js/utils/dom.js HTTP/1.1" 304 -
